0 info it worked if it ends with ok
1 verbose cli [ 'C:\\Program Files\\nodejs\\node.exe',
1 verbose cli   'C:\\Program Files\\nodejs\\node_modules\\npm\\bin\\npm-cli.js',
1 verbose cli   'run',
1 verbose cli   'test' ]
2 info using npm@3.10.10
3 info using node@v6.9.4
4 verbose run-script [ 'pretest', 'test', 'posttest' ]
5 info lifecycle solidarity@1.0.0~pretest: solidarity@1.0.0
6 silly lifecycle solidarity@1.0.0~pretest: no script for pretest, continuing
7 info lifecycle solidarity@1.0.0~test: solidarity@1.0.0
8 verbose lifecycle solidarity@1.0.0~test: unsafe-perm in lifecycle true
9 verbose lifecycle solidarity@1.0.0~test: PATH: C:\Program Files\nodejs\node_modules\npm\bin\node-gyp-bin;C:\Users\kevin\code\modules\solidarity\node_modules\.bin;C:\Users\kevin\AppData\Local\GitHub\PortableGit_d7effa1a4a322478cd29c826b52a0c118ad3db11\cmd;C:\Users\kevin\AppData\Local\GitHub\PortableGit_d7effa1a4a322478cd29c826b52a0c118ad3db11\usr\bin;C:\Users\kevin\AppData\Local\GitHub\PortableGit_d7effa1a4a322478cd29c826b52a0c118ad3db11\usr\share\git-tfs;C:\Users\kevin\AppData\Local\Apps\2.0\ZX0JRJHG.Y1X\N7CDE1GR.1A8\gith..tion_317444273a93ac29_0003.0003_665ccbdbd3c2d8d4;C:\Users\kevin\AppData\Local\GitHub\lfs-amd64_1.3.1;C:\ProgramData\Oracle\Java\javapath;C:\Windows\system32;C:\Windows;C:\Windows\System32\Wbem;C:\Windows\System32\WindowsPowerShell\v1.0\;C:\Program Files (x86)\NVIDIA Corporation\PhysX\Common;C:\Program Files\Microsoft Network Monitor 3\;C:\WINDOWS\system32;C:\WINDOWS;C:\WINDOWS\System32\Wbem;C:\WINDOWS\System32\WindowsPowerShell\v1.0\;C:\WINDOWS\system32\config\systemprofile\.dnx\bin;C:\Program Files\Microsoft DNX\Dnvm\;C:\Program Files\Git\cmd;C:\Program Files\Git\mingw64\bin;C:\Program Files\Git\usr\bin;C:\Program Files\Microsoft SQL Server\130\Tools\Binn\;C:\Program Files\nodejs\;C:\Program Files (x86)\Windows Kits\10\Windows Performance Toolkit\;C:\Users\kevin\AppData\Local\Microsoft\WindowsApps;C:\Users\kevin\AppData\Local\atom\bin;C:\Users\kevin\AppData\Local\Microsoft\WindowsApps;C:\Program Files\php;C:\Users\kevin\AppData\Local\Keybase;;C:\Program Files\Microsoft VS Code\bin;C:\Users\kevin\AppData\Local\Keybase\;C:\Program Files (x86)\MSBuild\14.0\bin\;C:\Program Files (x86)\Microsoft SDKs\Windows\v8.1A\bin\NETFX 4.5.1 Tools\x64
10 verbose lifecycle solidarity@1.0.0~test: CWD: C:\Users\kevin\code\modules\solidarity
11 silly lifecycle solidarity@1.0.0~test: Args: [ '/d /s /c', 'jest && tslint -p .' ]
12 silly lifecycle solidarity@1.0.0~test: Returned: code: 1  signal: null
13 info lifecycle solidarity@1.0.0~test: Failed to exec test script
14 verbose stack Error: solidarity@1.0.0 test: `jest && tslint -p .`
14 verbose stack Exit status 1
14 verbose stack     at EventEmitter.<anonymous> (C:\Program Files\nodejs\node_modules\npm\lib\utils\lifecycle.js:255:16)
14 verbose stack     at emitTwo (events.js:106:13)
14 verbose stack     at EventEmitter.emit (events.js:191:7)
14 verbose stack     at ChildProcess.<anonymous> (C:\Program Files\nodejs\node_modules\npm\lib\utils\spawn.js:40:14)
14 verbose stack     at emitTwo (events.js:106:13)
14 verbose stack     at ChildProcess.emit (events.js:191:7)
14 verbose stack     at maybeClose (internal/child_process.js:877:16)
14 verbose stack     at Process.ChildProcess._handle.onexit (internal/child_process.js:226:5)
15 verbose pkgid solidarity@1.0.0
16 verbose cwd C:\Users\kevin\code\modules\solidarity
17 error Windows_NT 10.0.17035
18 error argv "C:\\Program Files\\nodejs\\node.exe" "C:\\Program Files\\nodejs\\node_modules\\npm\\bin\\npm-cli.js" "run" "test"
19 error node v6.9.4
20 error npm  v3.10.10
21 error code ELIFECYCLE
22 error solidarity@1.0.0 test: `jest && tslint -p .`
22 error Exit status 1
23 error Failed at the solidarity@1.0.0 test script 'jest && tslint -p .'.
23 error Make sure you have the latest version of node.js and npm installed.
23 error If you do, this is most likely a problem with the solidarity package,
23 error not with npm itself.
23 error Tell the author that this fails on your system:
23 error     jest && tslint -p .
23 error You can get information on how to open an issue for this project with:
23 error     npm bugs solidarity
23 error Or if that isn't available, you can get their info via:
23 error     npm owner ls solidarity
23 error There is likely additional logging output above.
24 verbose exit [ 1, true ]
